2023-09-05 21:23:42,182 [main] WARN c.n.a.m.GameSet [GameSet.java:88] - Y 1 X: 1 좌표에는 이미 표시했습니다.
2023-09-05 21:25:59,855 [main] WARN c.n.a.m.GameSet [GameSet.java:88] - Y 1 X: 1 좌표에는 이미 표시했습니다.
2023-09-05 21:26:27,988 [main] WARN c.n.a.m.GameSet [GameSet.java:88] - Y 1 X: 1 좌표에는 이미 표시했습니다.
2023-09-05 21:26:55,032 [main] WARN c.n.a.m.GameSet [GameSet.java:88] - Y 1 X: 1 좌표에는 이미 표시했습니다.
2023-09-05 21:26:55,034 [main] WARN c.n.a.m.GameSet [GameSet.java:88] - Y 2 X: 2 좌표에는 이미 표시했습니다.
2023-09-05 21:30:03,434 [main] WARN c.n.a.m.GameSet [GameSet.java:88] - Y 1 X: 1 좌표에는 이미 표시했습니다.
2023-09-05 21:30:03,438 [main] WARN c.n.a.m.GameSet [GameSet.java:88] - Y 2 X: 2 좌표에는 이미 표시했습니다.
2023-09-05 21:31:06,790 [main] WARN c.n.a.m.GameSet [GameSet.java:92] - Y 1 X: 1 좌표에는 이미 표시했습니다.
2023-09-05 21:31:06,793 [main] WARN c.n.a.m.GameSet [GameSet.java:92] - Y 2 X: 2 좌표에는 이미 표시했습니다.
2023-09-05 21:35:41,026 [main] WARN c.n.a.m.GameSet [GameSet.java:92] - Y 1 X: 1 좌표에는 이미 표시했습니다.
2023-09-05 21:35:41,028 [main] WARN c.n.a.m.GameSet [GameSet.java:92] - Y 2 X: 2 좌표에는 이미 표시했습니다.
2023-09-05 21:36:01,335 [main] WARN c.n.a.m.GameSet [GameSet.java:92] - Y 1 X: 1 좌표에는 이미 표시했습니다.
2023-09-05 21:36:01,337 [main] WARN c.n.a.m.GameSet [GameSet.java:92] - Y 2 X: 2 좌표에는 이미 표시했습니다.
2023-09-05 21:36:17,981 [main] WARN c.n.a.m.GameSet [GameSet.java:92] - Y 1 X: 1 좌표에는 이미 표시했습니다.
2023-09-05 21:36:17,984 [main] WARN c.n.a.m.GameSet [GameSet.java:92] - Y 2 X: 2 좌표에는 이미 표시했습니다.
2023-09-05 21:36:55,910 [main] WARN c.n.a.m.GameSet [GameSet.java:92] - Y 1 X: 1 좌표에는 이미 표시했습니다.
2023-09-05 21:36:55,912 [main] WARN c.n.a.m.GameSet [GameSet.java:92] - Y 2 X: 2 좌표에는 이미 표시했습니다.
2023-09-05 21:37:02,744 [main] WARN c.n.a.m.GameSet [GameSet.java:92] - Y 1 X: 1 좌표에는 이미 표시했습니다.
2023-09-05 21:37:02,746 [main] WARN c.n.a.m.GameSet [GameSet.java:92] - Y 2 X: 2 좌표에는 이미 표시했습니다.
2023-09-05 21:38:21,225 [main] WARN c.n.a.m.GameSet [GameSet.java:92] - Y 1 X: 1 좌표에는 이미 표시했습니다.
2023-09-05 21:38:21,226 [main] WARN c.n.a.m.GameSet [GameSet.java:92] - Y 2 X: 2 좌표에는 이미 표시했습니다.
2023-09-05 21:38:21,232 [main] WARN c.n.a.m.GameSet [GameSet.java:62] - 잘못된 입력입니다. 입력은 [1~3]의 숫자만 가능합니다
2023-09-05 21:38:32,722 [main] WARN c.n.a.m.GameSet [GameSet.java:92] - Y 1 X: 1 좌표에는 이미 표시했습니다.
2023-09-05 21:38:32,724 [main] WARN c.n.a.m.GameSet [GameSet.java:92] - Y 2 X: 2 좌표에는 이미 표시했습니다.
2023-09-05 21:38:59,173 [main] WARN c.n.a.m.GameSet [GameSet.java:92] - Y 1 X: 1 좌표에는 이미 표시했습니다.
2023-09-05 21:38:59,174 [main] WARN c.n.a.m.GameSet [GameSet.java:92] - Y 2 X: 2 좌표에는 이미 표시했습니다.
2023-09-05 21:39:54,050 [main] WARN c.n.a.m.GameSet [GameSet.java:92] - Y 1 X: 1 좌표에는 이미 표시했습니다.
2023-09-05 21:39:54,052 [main] WARN c.n.a.m.GameSet [GameSet.java:92] - Y 2 X: 2 좌표에는 이미 표시했습니다.
2023-09-05 21:41:25,248 [main] WARN c.n.a.m.GameSet [GameSet.java:92] - Y 1 X: 1 좌표에는 이미 표시했습니다.
2023-09-05 21:41:25,250 [main] WARN c.n.a.m.GameSet [GameSet.java:92] - Y 2 X: 2 좌표에는 이미 표시했습니다.
2023-09-05 21:41:31,135 [main] WARN c.n.a.m.GameSet [GameSet.java:92] - Y 1 X: 1 좌표에는 이미 표시했습니다.
2023-09-05 21:41:31,137 [main] WARN c.n.a.m.GameSet [GameSet.java:92] - Y 2 X: 2 좌표에는 이미 표시했습니다.
2023-09-05 21:41:36,017 [main] WARN c.n.a.m.GameSet [GameSet.java:92] - Y 1 X: 1 좌표에는 이미 표시했습니다.
2023-09-05 21:41:36,018 [main] WARN c.n.a.m.GameSet [GameSet.java:92] - Y 2 X: 2 좌표에는 이미 표시했습니다.
2023-09-05 21:47:03,076 [main] WARN c.n.a.m.GameSet [GameSet.java:92] - Y 1 X: 1 좌표에는 이미 표시했습니다.
2023-09-05 21:47:03,078 [main] WARN c.n.a.m.GameSet [GameSet.java:92] - Y 2 X: 2 좌표에는 이미 표시했습니다.
2023-09-05 21:47:51,353 [main] WARN c.n.a.m.GameSet [GameSet.java:92] - Y 1 X: 1 좌표에는 이미 표시했습니다.
2023-09-05 21:47:51,356 [main] WARN c.n.a.m.GameSet [GameSet.java:92] - Y 2 X: 2 좌표에는 이미 표시했습니다.
2023-09-05 21:49:14,037 [main] WARN c.n.a.m.GameSet [GameSet.java:92] - Y 1 X: 1 좌표에는 이미 표시했습니다.
2023-09-05 21:49:14,039 [main] WARN c.n.a.m.GameSet [GameSet.java:92] - Y 2 X: 2 좌표에는 이미 표시했습니다.
2023-09-05 21:49:31,229 [main] WARN c.n.a.m.GameSet [GameSet.java:92] - Y 1 X: 1 좌표에는 이미 표시했습니다.
2023-09-05 21:49:31,231 [main] WARN c.n.a.m.GameSet [GameSet.java:92] - Y 2 X: 2 좌표에는 이미 표시했습니다.
2023-09-05 21:49:37,585 [main] WARN c.n.a.m.GameSet [GameSet.java:92] - Y 1 X: 1 좌표에는 이미 표시했습니다.
2023-09-05 21:49:37,587 [main] WARN c.n.a.m.GameSet [GameSet.java:92] - Y 2 X: 2 좌표에는 이미 표시했습니다.
2023-09-05 21:53:13,534 [main] WARN c.n.a.m.GameSet [GameSet.java:92] - Y 1 X: 1 좌표에는 이미 표시했습니다.
2023-09-05 21:53:13,536 [main] WARN c.n.a.m.GameSet [GameSet.java:92] - Y 2 X: 2 좌표에는 이미 표시했습니다.
2023-09-05 21:53:13,539 [main] WARN c.n.a.m.GameSet [GameSet.java:62] - 잘못된 입력입니다. 입력은 [1~3]의 숫자만 가능합니다
2023-09-05 21:54:15,632 [main] WARN c.n.a.m.GameSet [GameSet.java:92] - Y 1 X: 1 좌표에는 이미 표시했습니다.
2023-09-05 21:54:15,634 [main] WARN c.n.a.m.GameSet [GameSet.java:92] - Y 2 X: 2 좌표에는 이미 표시했습니다.
2023-09-05 21:54:15,636 [main] WARN c.n.a.m.GameSet [GameSet.java:62] - 잘못된 입력입니다. 입력은 [1~3]의 숫자만 가능합니다
2023-09-05 21:54:54,366 [main] WARN c.n.a.m.GameSet [GameSet.java:92] - Y 1 X: 1 좌표에는 이미 표시했습니다.
2023-09-05 21:54:54,368 [main] WARN c.n.a.m.GameSet [GameSet.java:92] - Y 2 X: 2 좌표에는 이미 표시했습니다.
2023-09-05 21:54:54,372 [main] WARN c.n.a.m.GameSet [GameSet.java:62] - 잘못된 입력입니다. 입력은 [1~3]의 숫자만 가능합니다
2023-09-05 21:54:59,549 [main] WARN c.n.a.m.GameSet [GameSet.java:92] - Y 1 X: 1 좌표에는 이미 표시했습니다.
2023-09-05 21:54:59,551 [main] WARN c.n.a.m.GameSet [GameSet.java:92] - Y 2 X: 2 좌표에는 이미 표시했습니다.
2023-09-05 21:54:59,554 [main] WARN c.n.a.m.GameSet [GameSet.java:62] - 잘못된 입력입니다. 입력은 [1~3]의 숫자만 가능합니다
2023-09-05 21:55:58,019 [main] WARN c.n.a.m.GameSet [GameSet.java:92] - Y 1 X: 1 좌표에는 이미 표시했습니다.
2023-09-05 21:55:58,021 [main] WARN c.n.a.m.GameSet [GameSet.java:92] - Y 2 X: 2 좌표에는 이미 표시했습니다.
2023-09-05 21:56:29,276 [main] WARN c.n.a.m.GameSet [GameSet.java:92] - Y 1 X: 1 좌표에는 이미 표시했습니다.
2023-09-05 21:56:29,279 [main] WARN c.n.a.m.GameSet [GameSet.java:92] - Y 2 X: 2 좌표에는 이미 표시했습니다.
2023-09-05 21:56:29,283 [main] WARN c.n.a.m.GameSet [GameSet.java:62] - 잘못된 입력입니다. 입력은 [1~3]의 숫자만 가능합니다
2023-09-05 21:56:52,473 [main] WARN c.n.a.m.GameSet [GameSet.java:92] - Y 1 X: 1 좌표에는 이미 표시했습니다.
2023-09-05 21:56:52,475 [main] WARN c.n.a.m.GameSet [GameSet.java:92] - Y 2 X: 2 좌표에는 이미 표시했습니다.
2023-09-05 21:57:01,817 [main] WARN c.n.a.m.GameSet [GameSet.java:92] - Y 1 X: 1 좌표에는 이미 표시했습니다.
2023-09-05 21:57:01,818 [main] WARN c.n.a.m.GameSet [GameSet.java:92] - Y 2 X: 2 좌표에는 이미 표시했습니다.
2023-09-05 21:57:01,822 [main] WARN c.n.a.m.GameSet [GameSet.java:62] - 잘못된 입력입니다. 입력은 [1~3]의 숫자만 가능합니다
2023-09-05 21:57:25,564 [main] WARN c.n.a.m.GameSet [GameSet.java:92] - Y 1 X: 1 좌표에는 이미 표시했습니다.
2023-09-05 21:57:25,566 [main] WARN c.n.a.m.GameSet [GameSet.java:92] - Y 2 X: 2 좌표에는 이미 표시했습니다.
2023-09-05 21:58:04,793 [main] WARN c.n.a.m.GameSet [GameSet.java:92] - Y 1 X: 1 좌표에는 이미 표시했습니다.
2023-09-05 21:58:04,795 [main] WARN c.n.a.m.GameSet [GameSet.java:92] - Y 2 X: 2 좌표에는 이미 표시했습니다.
2023-09-05 21:58:04,798 [main] WARN c.n.a.m.GameSet [GameSet.java:62] - 잘못된 입력입니다. 입력은 [1~3]의 숫자만 가능합니다
2023-09-05 21:59:22,330 [main] WARN c.n.a.m.GameSet [GameSet.java:92] - Y 1 X: 1 좌표에는 이미 표시했습니다.
2023-09-05 21:59:22,333 [main] WARN c.n.a.m.GameSet [GameSet.java:92] - Y 2 X: 2 좌표에는 이미 표시했습니다.
2023-09-05 22:00:33,375 [main] WARN c.n.a.m.GameSet [GameSet.java:92] - Y 1 X: 1 좌표에는 이미 표시했습니다.
2023-09-05 22:00:33,376 [main] WARN c.n.a.m.GameSet [GameSet.java:92] - Y 2 X: 2 좌표에는 이미 표시했습니다.
2023-09-05 22:00:41,179 [main] WARN c.n.a.m.GameSet [GameSet.java:92] - Y 1 X: 1 좌표에는 이미 표시했습니다.
2023-09-05 22:00:41,181 [main] WARN c.n.a.m.GameSet [GameSet.java:92] - Y 2 X: 2 좌표에는 이미 표시했습니다.
2023-09-05 22:01:15,538 [main] WARN c.n.a.m.GameSet [GameSet.java:92] - Y 1 X: 1 좌표에는 이미 표시했습니다.
2023-09-05 22:01:15,540 [main] WARN c.n.a.m.GameSet [GameSet.java:92] - Y 2 X: 2 좌표에는 이미 표시했습니다.
2023-09-05 22:02:16,743 [main] WARN c.n.a.m.GameSet [GameSet.java:92] - Y 1 X: 1 좌표에는 이미 표시했습니다.
2023-09-05 22:02:16,745 [main] WARN c.n.a.m.GameSet [GameSet.java:92] - Y 2 X: 2 좌표에는 이미 표시했습니다.
2023-09-05 22:02:28,471 [main] WARN c.n.a.m.GameSet [GameSet.java:92] - Y 1 X: 1 좌표에는 이미 표시했습니다.
2023-09-05 22:02:28,473 [main] WARN c.n.a.m.GameSet [GameSet.java:92] - Y 2 X: 2 좌표에는 이미 표시했습니다.
2023-09-05 22:03:01,238 [main] WARN c.n.a.m.GameSet [GameSet.java:92] - Y 1 X: 1 좌표에는 이미 표시했습니다.
2023-09-05 22:03:01,240 [main] WARN c.n.a.m.GameSet [GameSet.java:92] - Y 2 X: 2 좌표에는 이미 표시했습니다.
2023-09-05 22:03:14,880 [main] WARN c.n.a.m.GameSet [GameSet.java:92] - Y 1 X: 1 좌표에는 이미 표시했습니다.
2023-09-05 22:03:14,883 [main] WARN c.n.a.m.GameSet [GameSet.java:92] - Y 2 X: 2 좌표에는 이미 표시했습니다.
2023-09-05 22:03:19,736 [main] WARN c.n.a.m.GameSet [GameSet.java:92] - Y 1 X: 1 좌표에는 이미 표시했습니다.
2023-09-05 22:03:19,739 [main] WARN c.n.a.m.GameSet [GameSet.java:92] - Y 2 X: 2 좌표에는 이미 표시했습니다.
2023-09-05 22:05:32,428 [main] WARN c.n.a.m.GameSet [GameSet.java:92] - Y 1 X: 1 좌표에는 이미 표시했습니다.
2023-09-05 22:05:32,429 [main] WARN c.n.a.m.GameSet [GameSet.java:92] - Y 2 X: 2 좌표에는 이미 표시했습니다.
2023-09-05 22:06:01,144 [main] WARN c.n.a.m.GameSet [GameSet.java:92] - Y 1 X: 1 좌표에는 이미 표시했습니다.
2023-09-05 22:06:01,146 [main] WARN c.n.a.m.GameSet [GameSet.java:92] - Y 2 X: 2 좌표에는 이미 표시했습니다.
2023-09-05 22:06:29,462 [main] INFO c.n.a.Main [Main.java:20] - tic-tac-toe 게임을 시작합니다 
2023-09-05 22:06:29,475 [main] INFO c.n.a.c.GameController [GameController.java:32] -  O | X 중 하나를 선택해주세요
2023-09-05 22:06:29,475 [main] INFO c.n.a.c.GameController [GameController.java:33] - Press 1 : Select O  |  Press 2: Select X
2023-09-05 22:06:30,976 [main] INFO c.n.a.c.GameController [GameController.java:59] - 체크할 Y 좌표를 입력해 주세요
2023-09-05 22:06:36,188 [main] INFO c.n.a.c.GameController [GameController.java:61] - 체크할 X 좌표를 입력해 주세요
2023-09-05 22:06:37,094 [main] INFO c.n.a.c.GameController [GameController.java:59] - 체크할 Y 좌표를 입력해 주세요
2023-09-05 22:06:38,268 [main] INFO c.n.a.c.GameController [GameController.java:61] - 체크할 X 좌표를 입력해 주세요
2023-09-05 22:06:39,011 [main] INFO c.n.a.c.GameController [GameController.java:59] - 체크할 Y 좌표를 입력해 주세요
2023-09-05 22:06:40,828 [main] INFO c.n.a.c.GameController [GameController.java:61] - 체크할 X 좌표를 입력해 주세요
2023-09-05 22:06:41,539 [main] INFO c.n.a.c.GameController [GameController.java:59] - 체크할 Y 좌표를 입력해 주세요
2023-09-05 22:10:00,887 [main] WARN c.n.a.m.GameSet [GameSet.java:92] - Y 1 X: 1 좌표에는 이미 표시했습니다.
2023-09-05 22:10:00,890 [main] WARN c.n.a.m.GameSet [GameSet.java:92] - Y 2 X: 2 좌표에는 이미 표시했습니다.
2023-09-05 22:10:21,691 [main] INFO c.n.a.Main [Main.java:20] - tic-tac-toe 게임을 시작합니다 
2023-09-05 22:10:21,703 [main] INFO c.n.a.c.GameController [GameController.java:32] -  O | X 중 하나를 선택해주세요
2023-09-05 22:10:21,703 [main] INFO c.n.a.c.GameController [GameController.java:33] - Press 1 : Select O  |  Press 2: Select X
2023-09-05 22:10:23,481 [main] INFO c.n.a.c.GameController [GameController.java:59] - 체크할 Y 좌표를 입력해 주세요
2023-09-05 22:10:25,299 [main] INFO c.n.a.c.GameController [GameController.java:61] - 체크할 X 좌표를 입력해 주세요
2023-09-05 22:10:26,142 [main] INFO c.n.a.c.GameController [GameController.java:59] - 체크할 Y 좌표를 입력해 주세요
2023-09-05 22:10:28,683 [main] INFO c.n.a.c.GameController [GameController.java:61] - 체크할 X 좌표를 입력해 주세요
2023-09-05 22:10:29,305 [main] INFO c.n.a.c.GameController [GameController.java:59] - 체크할 Y 좌표를 입력해 주세요
2023-09-05 22:10:30,394 [main] INFO c.n.a.c.GameController [GameController.java:61] - 체크할 X 좌표를 입력해 주세요
2023-09-05 22:10:31,171 [main] INFO c.n.a.c.GameController [GameController.java:74] - Player가 이겼습니다 !!
2023-09-05 22:10:31,171 [main] INFO c.n.a.Main [Main.java:31] - 게임 종료
2023-09-05 22:11:13,821 [main] WARN c.n.a.m.GameSet [GameSet.java:92] - Y 1 X: 1 좌표에는 이미 표시했습니다.
2023-09-05 22:11:13,824 [main] WARN c.n.a.m.GameSet [GameSet.java:92] - Y 2 X: 2 좌표에는 이미 표시했습니다.
2023-09-05 22:24:07,289 [main] INFO c.n.a.Main [Main.java:20] - tic-tac-toe 게임을 시작합니다 
2023-09-05 22:24:07,302 [main] INFO c.n.a.c.GameController [GameController.java:32] -  O | X 중 하나를 선택해주세요
2023-09-05 22:24:07,302 [main] INFO c.n.a.c.GameController [GameController.java:33] - Press 1 : Select O  |  Press 2: Select X
2023-09-05 22:25:18,694 [main] INFO c.n.a.c.GameController [GameController.java:59] - 체크할 Y 좌표를 입력해 주세요
2023-09-05 22:26:37,737 [main] INFO c.n.a.c.GameController [GameController.java:61] - 체크할 X 좌표를 입력해 주세요
2023-09-05 22:26:39,566 [main] INFO c.n.a.c.GameController [GameController.java:59] - 체크할 Y 좌표를 입력해 주세요
2023-09-05 22:28:24,954 [main] INFO c.n.a.c.GameController [GameController.java:61] - 체크할 X 좌표를 입력해 주세요
2023-09-05 22:28:25,715 [main] INFO c.n.a.c.GameController [GameController.java:59] - 체크할 Y 좌표를 입력해 주세요
2023-09-05 22:28:27,010 [main] INFO c.n.a.c.GameController [GameController.java:61] - 체크할 X 좌표를 입력해 주세요
2023-09-05 22:28:27,812 [main] INFO c.n.a.c.GameController [GameController.java:74] - Player가 이겼습니다 !!
2023-09-05 22:28:27,812 [main] INFO c.n.a.Main [Main.java:31] - 게임 종료
